<?xml version="1.0" encoding="UTF-8"?>
<testng-results skipped="0" failed="0" total="1" passed="1">
  <reporter-output>
  </reporter-output>
  <suite name="Default suite" duration-ms="1546" started-at="2018-07-18T13:54:40Z" finished-at="2018-07-18T13:54:42Z">
    <groups>
    </groups>
    <test name="Default test" duration-ms="1546" started-at="2018-07-18T13:54:40Z" finished-at="2018-07-18T13:54:42Z">
      <class name="com.qa.tests.Post_Call">
        <test-method status="PASS" signature="setUp()[pri:0, instance:com.qa.tests.Post_Call@4de8b406]" name="setUp" is-config="true" duration-ms="7" started-at="2018-07-18T19:24:40Z" finished-at="2018-07-18T19:24:40Z">
          <reporter-output>
          </reporter-output>
        </test-method> <!-- setUp -->
        <test-method status="PASS" signature="postCall()[pri:0, instance:com.qa.tests.Post_Call@4de8b406]" name="postCall" duration-ms="1516" started-at="2018-07-18T19:24:40Z" finished-at="2018-07-18T19:24:42Z">
          <reporter-output>
          </reporter-output>
        </test-method> <!-- postCall -->
      </class> <!-- com.qa.tests.Post_Call -->
    </test> <!-- Default test -->
  </suite> <!-- Default suite -->
</testng-results>
