<?xml version="1.0" encoding="UTF-8"?>
<testng-results skipped="0" failed="0" total="1" passed="1">
  <reporter-output>
  </reporter-output>
  <suite name="Default suite" duration-ms="1562" started-at="2018-07-17T14:18:24Z" finished-at="2018-07-17T14:18:26Z">
    <groups>
    </groups>
    <test name="Default test" duration-ms="1562" started-at="2018-07-17T14:18:24Z" finished-at="2018-07-17T14:18:26Z">
      <class name="com.qa.tests.Get_Call">
        <test-method status="PASS" signature="setUp()[pri:0, instance:com.qa.tests.Get_Call@458ad742]" name="setUp" is-config="true" duration-ms="8" started-at="2018-07-17T19:48:24Z" finished-at="2018-07-17T19:48:24Z">
          <reporter-output>
          </reporter-output>
        </test-method> <!-- setUp -->
        <test-method status="PASS" signature="test()[pri:0, instance:com.qa.tests.Get_Call@458ad742]" name="test" duration-ms="1534" started-at="2018-07-17T19:48:24Z" finished-at="2018-07-17T19:48:26Z">
          <reporter-output>
          </reporter-output>
        </test-method> <!-- test -->
      </class> <!-- com.qa.tests.Get_Call -->
    </test> <!-- Default test -->
  </suite> <!-- Default suite -->
</testng-results>
